2023-10-25 13:25:15,800 - arbiter.master_chief.sa_recon - DEBUG - Creating CFG
2023-10-25 13:25:15,921 - arbiter.master_chief.sa_recon - INFO - Starting recon of 0x401000
2023-10-25 13:25:15,922 - arbiter.master_chief.sa_recon - INFO - Starting recon of 0x401020
2023-10-25 13:25:15,922 - arbiter.master_chief.sa_recon - INFO - Starting recon of 0x40102d
2023-10-25 13:25:15,922 - arbiter.master_chief.sa_recon - INFO - Starting recon of 0x401030
2023-10-25 13:25:15,922 - arbiter.master_chief.sa_recon - INFO - Starting recon of 0x40103f
2023-10-25 13:25:15,922 - arbiter.master_chief.sa_recon - INFO - Starting recon of 0x401040
2023-10-25 13:25:15,922 - arbiter.master_chief.sa_recon - INFO - Starting recon of 0x40104f
2023-10-25 13:25:15,922 - arbiter.master_chief.sa_recon - INFO - Starting recon of 0x401050
2023-10-25 13:25:15,922 - arbiter.master_chief.sa_recon - INFO - Starting recon of 0x40105f
2023-10-25 13:25:15,922 - arbiter.master_chief.sa_recon - INFO - Starting recon of 0x401060
2023-10-25 13:25:15,922 - arbiter.master_chief.sa_recon - INFO - Starting recon of 0x40106f
2023-10-25 13:25:15,922 - arbiter.master_chief.sa_recon - INFO - Starting recon of 0x401070
2023-10-25 13:25:15,922 - arbiter.master_chief.sa_recon - INFO - Starting recon of 0x40107f
2023-10-25 13:25:15,922 - arbiter.master_chief.sa_recon - INFO - Starting recon of 0x401080
2023-10-25 13:25:15,922 - arbiter.master_chief.sa_recon - INFO - Starting recon of 0x401090
2023-10-25 13:25:15,922 - arbiter.master_chief.sa_recon - INFO - Starting recon of 0x4010a0
2023-10-25 13:25:15,922 - arbiter.master_chief.sa_recon - INFO - Starting recon of 0x4010b0
2023-10-25 13:25:15,922 - arbiter.master_chief.sa_recon - INFO - Starting recon of 0x4010c0
2023-10-25 13:25:15,923 - arbiter.master_chief.sa_recon - INFO - Starting recon of 0x4010d0
2023-10-25 13:25:15,923 - arbiter.master_chief.sa_recon - INFO - Starting recon of 0x4010e0
2023-10-25 13:25:15,923 - arbiter.master_chief.sa_recon - INFO - Starting recon of 0x401105
2023-10-25 13:25:15,923 - arbiter.master_chief.sa_recon - INFO - Starting recon of 0x401106
2023-10-25 13:25:15,923 - arbiter.master_chief.sa_recon - INFO - Starting recon of 0x401110
2023-10-25 13:25:15,923 - arbiter.master_chief.sa_recon - INFO - Starting recon of 0x401139
2023-10-25 13:25:15,923 - arbiter.master_chief.sa_recon - INFO - Starting recon of 0x401140
2023-10-25 13:25:15,923 - arbiter.master_chief.sa_recon - INFO - Starting recon of 0x401179
2023-10-25 13:25:15,923 - arbiter.master_chief.sa_recon - INFO - Starting recon of 0x401180
2023-10-25 13:25:15,923 - arbiter.master_chief.sa_recon - INFO - Starting recon of 0x4011b5
2023-10-25 13:25:15,923 - arbiter.master_chief.sa_recon - INFO - Starting recon of 0x4011b9
2023-10-25 13:25:15,923 - arbiter.master_chief.sa_recon - INFO - Starting recon of 0x4011c0
2023-10-25 13:25:15,923 - arbiter.master_chief.sa_recon - INFO - Starting recon of 0x4011c9
2023-10-25 13:25:15,923 - arbiter.master_chief.sa_recon - INFO - Starting recon of 0x40124d
2023-10-25 13:25:15,923 - arbiter.master_chief.sa_recon - DEBUG - Adding target function main:0x40124d
2023-10-25 13:25:15,923 - arbiter.master_chief.sa_recon - INFO - Starting recon of 0x4012e0
2023-10-25 13:25:15,923 - arbiter.master_chief.sa_recon - INFO - Starting recon of 0x500000
2023-10-25 13:25:15,923 - arbiter.master_chief.sa_recon - INFO - Starting recon of 0x500008
2023-10-25 13:25:15,923 - arbiter.master_chief.sa_recon - INFO - Starting recon of 0x500010
2023-10-25 13:25:15,923 - arbiter.master_chief.sa_recon - INFO - Starting recon of 0x500018
2023-10-25 13:25:15,923 - arbiter.master_chief.sa_recon - INFO - Starting recon of 0x500020
2023-10-25 13:25:15,923 - arbiter.master_chief.sa_recon - INFO - Starting recon of 0x500028
2023-10-25 13:25:15,923 - arbiter.master_chief.sa_recon - INFO - Starting recon of 0x601050
2023-10-25 13:25:15,923 - arbiter.master_chief.sa_recon - INFO - Starting recon of 0x601058
2023-10-25 13:25:15,924 - arbiter.master_chief.sa_advanced - DEBUG - Analysis of function @ 0x40124d
2023-10-25 13:25:15,924 - arbiter.master_chief.sa_advanced - DEBUG - Creating CFGEmulated for function @ 0x40124d
2023-10-25 13:25:15,964 - arbiter.master_chief.sa_advanced - DEBUG - Creating DDG for function @ 0x40124d (call_depth=1)
2023-10-25 13:25:15,970 - arbiter.master_chief.sa_advanced - DEBUG - Creating CDG for function @ 0x40124d
2023-10-25 13:25:15,971 - arbiter.master_chief.sa_advanced - DEBUG - Starting back tracking for 0x4012a7
2023-10-25 13:25:15,972 - arbiter.master_chief.sa_advanced - ERROR - Got constant value
2023-10-25 13:25:15,972 - arbiter.master_chief.sa_advanced - INFO - No valid sinks in function @ 0x40124d
