2023-10-30 10:29:56,355 - arbiter.master_chief.sa_recon - DEBUG - Creating CFG
2023-10-30 10:29:56,469 - arbiter.master_chief.sa_recon - INFO - Starting recon of 0x401000
2023-10-30 10:29:56,470 - arbiter.master_chief.sa_recon - INFO - Starting recon of 0x401020
2023-10-30 10:29:56,470 - arbiter.master_chief.sa_recon - INFO - Starting recon of 0x40102d
2023-10-30 10:29:56,470 - arbiter.master_chief.sa_recon - INFO - Starting recon of 0x401030
2023-10-30 10:29:56,470 - arbiter.master_chief.sa_recon - INFO - Starting recon of 0x40103f
2023-10-30 10:29:56,470 - arbiter.master_chief.sa_recon - INFO - Starting recon of 0x401040
2023-10-30 10:29:56,470 - arbiter.master_chief.sa_recon - INFO - Starting recon of 0x40104f
2023-10-30 10:29:56,470 - arbiter.master_chief.sa_recon - INFO - Starting recon of 0x401050
2023-10-30 10:29:56,470 - arbiter.master_chief.sa_recon - INFO - Starting recon of 0x40105f
2023-10-30 10:29:56,470 - arbiter.master_chief.sa_recon - INFO - Starting recon of 0x401060
2023-10-30 10:29:56,470 - arbiter.master_chief.sa_recon - INFO - Starting recon of 0x40106f
2023-10-30 10:29:56,470 - arbiter.master_chief.sa_recon - INFO - Starting recon of 0x401070
2023-10-30 10:29:56,470 - arbiter.master_chief.sa_recon - INFO - Starting recon of 0x401080
2023-10-30 10:29:56,470 - arbiter.master_chief.sa_recon - INFO - Starting recon of 0x401090
2023-10-30 10:29:56,470 - arbiter.master_chief.sa_recon - INFO - Starting recon of 0x4010a0
2023-10-30 10:29:56,470 - arbiter.master_chief.sa_recon - INFO - Starting recon of 0x4010b0
2023-10-30 10:29:56,470 - arbiter.master_chief.sa_recon - INFO - Starting recon of 0x4010c0
2023-10-30 10:29:56,470 - arbiter.master_chief.sa_recon - INFO - Starting recon of 0x4010e5
2023-10-30 10:29:56,470 - arbiter.master_chief.sa_recon - INFO - Starting recon of 0x4010e6
2023-10-30 10:29:56,470 - arbiter.master_chief.sa_recon - INFO - Starting recon of 0x4010f0
2023-10-30 10:29:56,471 - arbiter.master_chief.sa_recon - INFO - Starting recon of 0x401119
2023-10-30 10:29:56,471 - arbiter.master_chief.sa_recon - INFO - Starting recon of 0x401120
2023-10-30 10:29:56,471 - arbiter.master_chief.sa_recon - INFO - Starting recon of 0x401159
2023-10-30 10:29:56,471 - arbiter.master_chief.sa_recon - INFO - Starting recon of 0x401160
2023-10-30 10:29:56,471 - arbiter.master_chief.sa_recon - INFO - Starting recon of 0x401195
2023-10-30 10:29:56,471 - arbiter.master_chief.sa_recon - INFO - Starting recon of 0x401199
2023-10-30 10:29:56,471 - arbiter.master_chief.sa_recon - INFO - Starting recon of 0x4011a0
2023-10-30 10:29:56,471 - arbiter.master_chief.sa_recon - INFO - Starting recon of 0x4011a9
2023-10-30 10:29:56,471 - arbiter.master_chief.sa_recon - INFO - Starting recon of 0x4012df
2023-10-30 10:29:56,471 - arbiter.master_chief.sa_recon - INFO - Starting recon of 0x40133c
2023-10-30 10:29:56,471 - arbiter.master_chief.sa_recon - INFO - Starting recon of 0x500000
2023-10-30 10:29:56,471 - arbiter.master_chief.sa_recon - INFO - Starting recon of 0x500008
2023-10-30 10:29:56,471 - arbiter.master_chief.sa_recon - INFO - Starting recon of 0x500010
2023-10-30 10:29:56,471 - arbiter.master_chief.sa_recon - INFO - Starting recon of 0x500018
2023-10-30 10:29:56,471 - arbiter.master_chief.sa_recon - INFO - Starting recon of 0x500020
2023-10-30 10:29:56,471 - arbiter.master_chief.sa_recon - INFO - Starting recon of 0x601050
2023-10-30 10:29:56,471 - arbiter.master_chief.sa_recon - INFO - Starting recon of 0x601058
2023-10-30 11:12:00,320 - arbiter.master_chief.sa_recon - DEBUG - Creating CFG
2023-10-30 11:12:00,447 - arbiter.master_chief.sa_recon - INFO - Starting recon of 0x401000
2023-10-30 11:12:00,447 - arbiter.master_chief.sa_recon - INFO - Starting recon of 0x401020
2023-10-30 11:12:00,447 - arbiter.master_chief.sa_recon - INFO - Starting recon of 0x40102d
2023-10-30 11:12:00,447 - arbiter.master_chief.sa_recon - INFO - Starting recon of 0x401030
2023-10-30 11:12:00,447 - arbiter.master_chief.sa_recon - INFO - Starting recon of 0x40103f
2023-10-30 11:12:00,447 - arbiter.master_chief.sa_recon - INFO - Starting recon of 0x401040
2023-10-30 11:12:00,447 - arbiter.master_chief.sa_recon - INFO - Starting recon of 0x40104f
2023-10-30 11:12:00,447 - arbiter.master_chief.sa_recon - INFO - Starting recon of 0x401050
2023-10-30 11:12:00,447 - arbiter.master_chief.sa_recon - INFO - Starting recon of 0x40105f
2023-10-30 11:12:00,447 - arbiter.master_chief.sa_recon - INFO - Starting recon of 0x401060
2023-10-30 11:12:00,447 - arbiter.master_chief.sa_recon - INFO - Starting recon of 0x40106f
2023-10-30 11:12:00,447 - arbiter.master_chief.sa_recon - INFO - Starting recon of 0x401070
2023-10-30 11:12:00,447 - arbiter.master_chief.sa_recon - INFO - Starting recon of 0x40107f
2023-10-30 11:12:00,448 - arbiter.master_chief.sa_recon - INFO - Starting recon of 0x401080
2023-10-30 11:12:00,448 - arbiter.master_chief.sa_recon - INFO - Starting recon of 0x40108f
2023-10-30 11:12:00,448 - arbiter.master_chief.sa_recon - INFO - Starting recon of 0x401090
2023-10-30 11:12:00,448 - arbiter.master_chief.sa_recon - INFO - Starting recon of 0x4010a0
2023-10-30 11:12:00,448 - arbiter.master_chief.sa_recon - INFO - Starting recon of 0x4010b0
2023-10-30 11:12:00,448 - arbiter.master_chief.sa_recon - INFO - Starting recon of 0x4010c0
2023-10-30 11:12:00,448 - arbiter.master_chief.sa_recon - INFO - Starting recon of 0x4010d0
2023-10-30 11:12:00,448 - arbiter.master_chief.sa_recon - INFO - Starting recon of 0x4010e0
2023-10-30 11:12:00,448 - arbiter.master_chief.sa_recon - INFO - Starting recon of 0x4010f0
2023-10-30 11:12:00,448 - arbiter.master_chief.sa_recon - INFO - Starting recon of 0x401100
2023-10-30 11:12:00,448 - arbiter.master_chief.sa_recon - INFO - Starting recon of 0x401125
2023-10-30 11:12:00,448 - arbiter.master_chief.sa_recon - INFO - Starting recon of 0x401126
2023-10-30 11:12:00,448 - arbiter.master_chief.sa_recon - INFO - Starting recon of 0x401130
2023-10-30 11:12:00,448 - arbiter.master_chief.sa_recon - INFO - Starting recon of 0x401159
2023-10-30 11:12:00,448 - arbiter.master_chief.sa_recon - INFO - Starting recon of 0x401160
2023-10-30 11:12:00,448 - arbiter.master_chief.sa_recon - INFO - Starting recon of 0x401199
2023-10-30 11:12:00,448 - arbiter.master_chief.sa_recon - INFO - Starting recon of 0x4011a0
2023-10-30 11:12:00,449 - arbiter.master_chief.sa_recon - INFO - Starting recon of 0x4011d5
2023-10-30 11:12:00,449 - arbiter.master_chief.sa_recon - INFO - Starting recon of 0x4011d9
2023-10-30 11:12:00,449 - arbiter.master_chief.sa_recon - INFO - Starting recon of 0x4011e0
2023-10-30 11:12:00,449 - arbiter.master_chief.sa_recon - INFO - Starting recon of 0x4011e9
2023-10-30 11:12:00,449 - arbiter.master_chief.sa_recon - DEBUG - Adding target function vulnerableFunction:0x4011e9
2023-10-30 11:12:00,449 - arbiter.master_chief.sa_recon - INFO - Starting recon of 0x401247
2023-10-30 11:12:00,449 - arbiter.master_chief.sa_recon - INFO - Starting recon of 0x4012a4
2023-10-30 11:12:00,449 - arbiter.master_chief.sa_recon - INFO - Starting recon of 0x500000
2023-10-30 11:12:00,449 - arbiter.master_chief.sa_recon - INFO - Starting recon of 0x500008
2023-10-30 11:12:00,449 - arbiter.master_chief.sa_recon - INFO - Starting recon of 0x500010
2023-10-30 11:12:00,449 - arbiter.master_chief.sa_recon - INFO - Starting recon of 0x500018
2023-10-30 11:12:00,449 - arbiter.master_chief.sa_recon - INFO - Starting recon of 0x500020
2023-10-30 11:12:00,449 - arbiter.master_chief.sa_recon - INFO - Starting recon of 0x500028
2023-10-30 11:12:00,449 - arbiter.master_chief.sa_recon - INFO - Starting recon of 0x500030
2023-10-30 11:12:00,449 - arbiter.master_chief.sa_recon - INFO - Starting recon of 0x601050
2023-10-30 11:12:00,449 - arbiter.master_chief.sa_recon - INFO - Starting recon of 0x601058
2023-10-30 11:12:00,450 - arbiter.master_chief.sa_advanced - DEBUG - Analysis of function @ 0x4011e9
2023-10-30 11:12:00,450 - arbiter.master_chief.sa_advanced - DEBUG - Creating CFGEmulated for function @ 0x4011e9
2023-10-30 11:12:00,485 - arbiter.master_chief.sa_advanced - DEBUG - Creating DDG for function @ 0x4011e9 (call_depth=1)
2023-10-30 11:12:00,491 - arbiter.master_chief.sa_advanced - DEBUG - Creating CDG for function @ 0x4011e9
2023-10-30 11:12:00,492 - arbiter.master_chief.sa_advanced - DEBUG - Starting back tracking for 0x401205
2023-10-30 11:12:00,492 - arbiter.master_chief.sa_advanced - INFO - 1 sinks in function @ 0x4011e9
2023-10-30 11:12:00,493 - arbiter.master_chief.symbolic_execution - DEBUG - Creating initial state for vulnerableFunction
2023-10-30 11:12:00,497 - arbiter.master_chief.symbolic_execution - INFO - Starting exploration 0x4011e9 => 0x401205
2023-10-30 11:12:00,498 - arbiter.master_chief.symbolic_execution - DEBUG - Watchdog started, waiting for 300s
2023-10-30 11:12:00,544 - arbiter.master_chief.symbolic_execution - DEBUG - Found 1 paths; No active paths
2023-10-30 11:12:00,548 - arbiter.master_chief.symbolic_execution - INFO - Applying constraints for sink : malloc
2023-10-30 11:12:00,550 - arbiter.master_chief.symbolic_execution - DEBUG - Max used bit : 32
2023-10-30 11:12:00,560 - arbiter.master_chief.symbolic_execution - INFO - Got Unsat
2023-10-30 11:12:00,560 - arbiter.master_chief.symbolic_execution - DEBUG - Found 1 paths
2023-10-30 11:12:00,563 - arbiter.master_chief.symbolic_execution - INFO - Applying constraints for sink : malloc
2023-10-30 11:12:00,564 - arbiter.master_chief.symbolic_execution - DEBUG - Max used bit : 32
2023-10-30 11:12:00,565 - arbiter.master_chief.symbolic_execution - INFO - Got Unsat
2023-10-30 11:12:00,565 - arbiter.master_chief.symbolic_execution - DEBUG - Waiting for watchdog to join
